<?xml version="1.0" encoding="UTF-8"?>
<testsuite name="com.bridgelabz.service.Test.StateCensusAnalyserTest" tests="10" skipped="0" failures="0" errors="0" timestamp="2020-03-19T08:47:43" hostname="FH400" time="0.592">
  <properties/>
  <testcase name="givenStateCensusCodeCSVFileCorrect_WhenDelimiterIncorrect_ShouldReturnCustomException" classname="com.bridgelabz.service.Test.StateCensusAnalyserTest" time="0.183"/>
  <testcase name="givenStateCensusCode_WhenTrue_NumberOfRecordShouldBeMatch" classname="com.bridgelabz.service.Test.StateCensusAnalyserTest" time="0.148"/>
  <testcase name="givenStateCensusCsvFile_WhenIncorrect_ShouldReturnCustomException" classname="com.bridgelabz.service.Test.StateCensusAnalyserTest" time="0.002"/>
  <testcase name="givenStateCensusCSVFileCorrect_WhenDelimiterIncorrect_ShouldReturnCustomException" classname="com.bridgelabz.service.Test.StateCensusAnalyserTest" time="0.03"/>
  <testcase name="givenStateStateCensusCSVFile_WhenTypeIncorrect_ShouldReturnCustomException" classname="com.bridgelabz.service.Test.StateCensusAnalyserTest" time="0.0"/>
  <testcase name="givenStateCensusCSVFile_WhenCorrectButCsvHeaderIncorrect_ShouldReturnCustomException" classname="com.bridgelabz.service.Test.StateCensusAnalyserTest" time="0.109"/>
  <testcase name="givenStateCensusCSVFile_WhenTypeIncorrect_ShouldReturnCustomException" classname="com.bridgelabz.service.Test.StateCensusAnalyserTest" time="0.0"/>
  <testcase name="givenStateCensusCodeCSVFile_WhenHeaderIncorrect_ShouldReturnCustomException" classname="com.bridgelabz.service.Test.StateCensusAnalyserTest" time="0.041"/>
  <testcase name="givenStateCodeCensusCsvFile_WhenIncorrect_ShouldReturnCustomException" classname="com.bridgelabz.service.Test.StateCensusAnalyserTest" time="0.001"/>
  <testcase name="givenStateCensusCSVFile_WhenTrue_NumberOfRecordShouldMatch" classname="com.bridgelabz.service.Test.StateCensusAnalyserTest" time="0.058"/>
  <system-out><![CDATA[SrNo : 1
StateName: Andaman and Nicobar Islands
TIN: 35
StateCodeAN
1
SrNo : 2
StateName: Andhra Pradesh
TIN: 28
StateCodeAP
2
SrNo : 3
StateName: Andhra Pradesh New
TIN: 37
StateCodeAD
3
SrNo : 4
StateName: Arunachal Pradesh
TIN: 12
StateCodeAR
4
SrNo : 5
StateName: Assam
TIN: 18
StateCodeAS
5
SrNo : 6
StateName: Bihar
TIN: 10
StateCodeBH
6
SrNo : 7
StateName: Chandigarh
TIN: 04
StateCodeCH
7
SrNo : 8
StateName: Chattisgarh
TIN: 22
StateCodeCT
8
SrNo : 9
StateName: Dadra and Nagar Haveli
TIN: 26
StateCodeDN
9
SrNo : 10
StateName: Daman and Diu
TIN: 25
StateCodeDD
10
SrNo : 11
StateName: Delhi
TIN: 07
StateCodeDL
11
SrNo : 12
StateName: Goa
TIN: 30
StateCodeGA
12
SrNo : 13
StateName: Gujarat
TIN: 24
StateCodeGJ
13
SrNo : 14
StateName: Haryana
TIN: 06
StateCodeHR
14
SrNo : 15
StateName: Himachal Pradesh
TIN: 02
StateCodeHP
15
SrNo : 16
StateName: Jammu and Kashmir
TIN: 01
StateCodeJK
16
SrNo : 17
StateName: Jharkhand
TIN: 20
StateCodeJH
17
SrNo : 18
StateName: Karnataka
TIN: 29
StateCodeKA
18
SrNo : 19
StateName: Kerala
TIN: 32
StateCodeKL
19
SrNo : 20
StateName: Lakshadweep Islands
TIN: 31
StateCodeLD
20
SrNo : 21
StateName: Madhya Pradesh
TIN: 23
StateCodeMP
21
SrNo : 22
StateName: Maharashtra
TIN: 27
StateCodeMH
22
SrNo : 23
StateName: Manipur
TIN: 14
StateCodeMN
23
SrNo : 24
StateName: Meghalaya
TIN: 17
StateCodeME
24
SrNo : 25
StateName: Mizoram
TIN: 15
StateCodeMI
25
SrNo : 26
StateName: Nagaland
TIN: 13
StateCodeNL
26
SrNo : 27
StateName: Odisha
TIN: 21
StateCodeOR
27
SrNo : 28
StateName: Pondicherry
TIN: 34
StateCodePY
28
SrNo : 29
StateName: Punjab
TIN: 03
StateCodePB
29
SrNo : 30
StateName: Rajasthan
TIN: 08
StateCodeRJ
30
SrNo : 31
StateName: Sikkim
TIN: 11
StateCodeSK
31
SrNo : 32
StateName: Tamil Nadu
TIN: 33
StateCodeTN
32
SrNo : 33
StateName: Telangana
TIN: 36
StateCodeTS
33
SrNo : 34
StateName: Tripura
TIN: 16
StateCodeTR
34
SrNo : 35
StateName: Uttar Pradesh
TIN: 09
StateCodeUP
35
SrNo : 36
StateName: Uttarakhand
TIN: 05
StateCodeUT
36
SrNo : 37
StateName: West Bengal
TIN: 19
StateCodeWB
37
State : Uttar Pradesh
Area: null
Population : 240928
DensityPerSqKm: 828
State : Maharashta
Area: null
Population : 307713
DensityPerSqKm: 365
State : Bihar
Area: null
Population : 94163
DensityPerSqKm: 1102
State : West Bengal
Area: null
Population : 88752
DensityPerSqKm: 1029
State : Madhya Pradesh
Area: null
Population : 308245
DensityPerSqKm: 236
State : Tamil Nadu
Area: null
Population : 130058
DensityPerSqKm: 555
State : Rajasthan
Area: null
Population : 342239
DensityPerSqKm: 201
State : Karnataka
Area: null
Population : 191791
DensityPerSqKm: 319
State : Gujarat
Area: null
Population : 196024
DensityPerSqKm: 308
State : Andhra Pradesh
Area: null
Population : 162968
DensityPerSqKm: 303
State : Odisha
Area: null
Population : 155707
DensityPerSqKm: 269
State : Telangana
Area: null
Population : 114840
DensityPerSqKm: 307
State : Kerala
Area: null
Population : 38863
DensityPerSqKm: 859
State : Jharkhand
Area: null
Population : 79714
DensityPerSqKm: 414
State : Assam
Area: null
Population : 78438
DensityPerSqKm: 397
State : Punjab
Area: null
Population : 50362
DensityPerSqKm: 550
State : Chattisgarh
Area: null
Population : 135191
DensityPerSqKm: 189
State : Haryana
Area: null
Population : 44212
DensityPerSqKm: 573
State : Jammu and Kashmir
Area: null
Population : 222236
DensityPerSqKm: 57
State : Uttarakhand
Area: null
Population : 53483
DensityPerSqKm: 189
State : Himachal Pradesh
Area: null
Population : 55673
DensityPerSqKm: 123
State : Tripura
Area: null
Population : 10486
DensityPerSqKm: 350
State : Meghalaya
Area: null
Population : 22429
DensityPerSqKm: 132
State : Manipur
Area: null
Population : 22327
DensityPerSqKm: 122
State : Nagaland
Area: null
Population : 16579
DensityPerSqKm: 119
State : Goa
Area: null
Population : 3702
DensityPerSqKm: 394
State : Arunachal Pradesh
Area: null
Population : 1254
DensityPerSqKm: 100
State : Mizoram
Area: null
Population : 21081
DensityPerSqKm: 52
State : Sikkim
Area: null
Population : 7096
DensityPerSqKm: 86
State : Uttar Pradesh
Area: 199812341
Population : 240928
DensityPerSqKm: 828
State : Maharashta
Area: 112372972
Population : 307713
DensityPerSqKm: 365
State : Bihar
Area: 103804637
Population : 94163
DensityPerSqKm: 1102
State : West Bengal
Area: 91347736
Population : 88752
DensityPerSqKm: 1029
State : Madhya Pradesh
Area: 72597565
Population : 308245
DensityPerSqKm: 236
State : Tamil Nadu
Area: 72138958
Population : 130058
DensityPerSqKm: 555
State : Rajasthan
Area: 68621012
Population : 342239
DensityPerSqKm: 201
State : Karnataka
Area: 61130704
Population : 191791
DensityPerSqKm: 319
State : Gujarat
Area: 60383628
Population : 196024
DensityPerSqKm: 308
State : Andhra Pradesh
Area: 49386799
Population : 162968
DensityPerSqKm: 303
State : Odisha
Area: 41947358
Population : 155707
DensityPerSqKm: 269
State : Telangana
Area: 35286757
Population : 114840
DensityPerSqKm: 307
State : Kerala
Area: 33387677
Population : 38863
DensityPerSqKm: 859
State : Jharkhand
Area: 32966238
Population : 79714
DensityPerSqKm: 414
State : Assam
Area: 31169272
Population : 78438
DensityPerSqKm: 397
State : Punjab
Area: 27704236
Population : 50362
DensityPerSqKm: 550
State : Chattisgarh
Area: 25540196
Population : 135191
DensityPerSqKm: 189
State : Haryana
Area: 25353081
Population : 44212
DensityPerSqKm: 573
State : Jammu and Kashmir
Area: 12548926
Population : 222236
DensityPerSqKm: 57
State : Uttarakhand
Area: 10116752
Population : 53483
DensityPerSqKm: 189
State : Himachal Pradesh
Area: 6864602
Population : 55673
DensityPerSqKm: 123
State : Tripura
Area: 3671032
Population : 10486
DensityPerSqKm: 350
State : Meghalaya
Area: 2964007
Population : 22429
DensityPerSqKm: 132
State : Manipur
Area: 2721756
Population : 22327
DensityPerSqKm: 122
State : Nagaland
Area: 1980602
Population : 16579
DensityPerSqKm: 119
State : Goa
Area: 1457723
Population : 3702
DensityPerSqKm: 394
State : Arunachal Pradesh
Area: 1382611
Population : 1254
DensityPerSqKm: 100
State : Mizoram
Area: 1091014
Population : 21081
DensityPerSqKm: 52
State : Sikkim
Area: 607688
Population : 7096
DensityPerSqKm: 86
]]></system-out>
  <system-err><![CDATA[]]></system-err>
</testsuite>
